<?xml version="1.0" encoding="UTF-8"?>
<testng-results ignored="0" total="4" passed="4" failed="0" skipped="0">
  <reporter-output>
  </reporter-output>
  <suite started-at="2023-03-31T18:14:41Z" name="tests.NewCustomerTest" finished-at="2023-03-31T18:14:51Z" duration-ms="10230">
    <groups>
    </groups>
    <test started-at="2023-03-31T18:14:41Z" name="Command line test" finished-at="2023-03-31T18:14:51Z" duration-ms="10230">
      <class name="tests.NewCustomerTest">
        <test-method is-config="true" signature="setUp()[pri:0, instance:tests.NewCustomerTest@40005471]" started-at="2023-03-31T18:14:41Z" name="setUp" finished-at="2023-03-31T18:14:43Z" duration-ms="1684" status="PASS">
          <reporter-output>
          </reporter-output>
        </test-method> <!-- setUp -->
        <test-method signature="checkSearchOfCustomer()[pri:0, instance:tests.NewCustomerTest@40005471]" started-at="2023-03-31T18:14:43Z" name="checkSearchOfCustomer" finished-at="2023-03-31T18:14:49Z" duration-ms="6488" status="PASS">
          <reporter-output>
          </reporter-output>
        </test-method> <!-- checkSearchOfCustomer -->
        <test-method signature="checkSortingList()[pri:0, instance:tests.NewCustomerTest@40005471]" started-at="2023-03-31T18:14:49Z" name="checkSortingList" finished-at="2023-03-31T18:14:50Z" duration-ms="219" status="PASS">
          <reporter-output>
          </reporter-output>
        </test-method> <!-- checkSortingList -->
        <test-method signature="createNewCustomer()[pri:0, instance:tests.NewCustomerTest@40005471]" started-at="2023-03-31T18:14:50Z" name="createNewCustomer" finished-at="2023-03-31T18:14:50Z" duration-ms="758" status="PASS">
          <reporter-output>
          </reporter-output>
        </test-method> <!-- createNewCustomer -->
        <test-method signature="testFieldsForCustomer()[pri:0, instance:tests.NewCustomerTest@40005471]" started-at="2023-03-31T18:14:50Z" name="testFieldsForCustomer" finished-at="2023-03-31T18:14:51Z" duration-ms="644" status="PASS">
          <reporter-output>
          </reporter-output>
        </test-method> <!-- testFieldsForCustomer -->
        <test-method is-config="true" signature="tearDown()[pri:0, instance:tests.NewCustomerTest@40005471]" started-at="2023-03-31T18:14:51Z" name="tearDown" finished-at="2023-03-31T18:14:51Z" duration-ms="303" status="PASS">
          <reporter-output>
          </reporter-output>
        </test-method> <!-- tearDown -->
      </class> <!-- tests.NewCustomerTest -->
    </test> <!-- Command line test -->
  </suite> <!-- tests.NewCustomerTest -->
</testng-results>
