<?xml version="1.0" encoding="UTF-8"?>
<!-- Generated by org.testng.reporters.JUnitXMLReporter -->
<testsuite ignored="0" hostname="EugenePC" failures="0" tests="4" name="Command line test" time="10.23" errors="0" timestamp="31 мар. 2023 18:14:51 GMT">
  <testcase classname="tests.NewCustomerTest" name="checkSearchOfCustomer" time="6.488"/>
  <testcase classname="tests.NewCustomerTest" name="checkSortingList" time="0.219"/>
  <testcase classname="tests.NewCustomerTest" name="createNewCustomer" time="0.758"/>
  <testcase classname="tests.NewCustomerTest" name="testFieldsForCustomer" time="0.644"/>
</testsuite> <!-- Command line test -->
